INFO    [03.05.2016 – 11:01:19] (crypt.SymmetrischVerschluesseln): AES Schlüssel wurde erstellt
INFO    [03.05.2016 – 11:01:19] (crypt.SymmetrischVerschluesseln): DES Schlüssel wurde erstellt
INFO    [03.05.2016 – 11:01:19] (crypt.AsymmetrischVerschluesseln): RSA Schlüsselpaar wurde erstellt
INFO    [03.05.2016 – 11:01:19] (util.File): Klartext.txt wurde gelesen
INFO    [03.05.2016 – 11:01:19] (Kryptomechanismen): Der Text wurde mit: AES Verschlüsselt
INFO    [03.05.2016 – 11:03:34] (crypt.SymmetrischVerschluesseln): AES Schlüssel wurde erstellt
INFO    [03.05.2016 – 11:03:34] (crypt.SymmetrischVerschluesseln): DES Schlüssel wurde erstellt
INFO    [03.05.2016 – 11:03:34] (crypt.AsymmetrischVerschluesseln): RSA Schlüsselpaar wurde erstellt
INFO    [03.05.2016 – 11:03:34] (util.File): Klartext.txt wurde gelesen
INFO    [03.05.2016 – 11:03:34] (Kryptomechanismen): Der Text wurde mit: AES Verschlüsselt
INFO    [03.05.2016 – 11:04:19] (crypt.SymmetrischVerschluesseln): AES Schlüssel wurde erstellt
INFO    [03.05.2016 – 11:04:19] (crypt.SymmetrischVerschluesseln): DES Schlüssel wurde erstellt
INFO    [03.05.2016 – 11:04:19] (crypt.AsymmetrischVerschluesseln): RSA Schlüsselpaar wurde erstellt
INFO    [03.05.2016 – 11:04:19] (util.File): Klartext.txt wurde gelesen
INFO    [03.05.2016 – 11:04:19] (Kryptomechanismen): Der Text wurde mit: AES Verschlüsselt
INFO    [03.05.2016 – 11:04:33] (crypt.SymmetrischVerschluesseln): AES Schlüssel wurde erstellt
INFO    [03.05.2016 – 11:04:33] (crypt.SymmetrischVerschluesseln): DES Schlüssel wurde erstellt
INFO    [03.05.2016 – 11:04:33] (crypt.AsymmetrischVerschluesseln): RSA Schlüsselpaar wurde erstellt
INFO    [03.05.2016 – 11:04:33] (util.File): Klartext.txt wurde gelesen
INFO    [03.05.2016 – 11:04:33] (Kryptomechanismen): Der Text wurde mit: AES Verschlüsselt
INFO    [03.05.2016 – 11:05:24] (crypt.SymmetrischVerschluesseln): AES Schlüssel wurde erstellt
INFO    [03.05.2016 – 11:05:24] (crypt.SymmetrischVerschluesseln): DES Schlüssel wurde erstellt
INFO    [03.05.2016 – 11:05:24] (crypt.AsymmetrischVerschluesseln): RSA Schlüsselpaar wurde erstellt
INFO    [03.05.2016 – 11:05:24] (util.File): Klartext.txt wurde gelesen
INFO    [03.05.2016 – 11:05:24] (util.File): usedKeys.txt wurde geschrieben
INFO    [03.05.2016 – 11:05:24] (util.File): usedKeys.txt wurde geschrieben
INFO    [03.05.2016 – 11:05:24] (Kryptomechanismen): Der Text wurde mit: AES Verschlüsselt
INFO    [03.05.2016 – 11:05:57] (crypt.SymmetrischVerschluesseln): AES Schlüssel wurde erstellt
INFO    [03.05.2016 – 11:05:57] (crypt.SymmetrischVerschluesseln): DES Schlüssel wurde erstellt
INFO    [03.05.2016 – 11:05:57] (crypt.AsymmetrischVerschluesseln): RSA Schlüsselpaar wurde erstellt
INFO    [03.05.2016 – 11:05:57] (util.File): Klartext.txt wurde gelesen
INFO    [03.05.2016 – 11:05:57] (util.File): usedKeys.txt wurde geschrieben
INFO    [03.05.2016 – 11:05:57] (util.File): usedKeys.txt wurde geschrieben
INFO    [03.05.2016 – 11:05:57] (Kryptomechanismen): Der Text wurde mit: AES Verschlüsselt
INFO    [03.05.2016 – 11:10:13] (crypt.SymmetrischVerschluesseln): AES Schlüssel wurde erstellt
INFO    [03.05.2016 – 11:10:13] (crypt.SymmetrischVerschluesseln): DES Schlüssel wurde erstellt
INFO    [03.05.2016 – 11:10:13] (crypt.AsymmetrischVerschluesseln): RSA Schlüsselpaar wurde erstellt
INFO    [03.05.2016 – 11:10:13] (util.File): Klartext.txt wurde gelesen
INFO    [03.05.2016 – 11:10:13] (util.File): usedKeys.txt wurde geschrieben
INFO    [03.05.2016 – 11:10:13] (util.File): usedKeys.txt wurde geschrieben
INFO    [03.05.2016 – 11:10:13] (Kryptomechanismen): Der Text wurde mit: AES Verschlüsselt
INFO    [03.05.2016 – 11:26:14] (crypt.SymmetrischVerschluesseln): AES Schlüssel wurde erstellt
INFO    [03.05.2016 – 11:26:14] (crypt.SymmetrischVerschluesseln): DES Schlüssel wurde erstellt
INFO    [03.05.2016 – 11:26:15] (crypt.AsymmetrischVerschluesseln): RSA Schlüsselpaar wurde erstellt
INFO    [03.05.2016 – 11:26:15] (util.File): Klartext.txt wurde gelesen
INFO    [03.05.2016 – 11:26:15] (util.File): usedKeys.txt wurde geschrieben
INFO    [03.05.2016 – 11:26:15] (util.File): usedKeys.txt wurde geschrieben
INFO    [03.05.2016 – 11:26:15] (Kryptomechanismen): Der Text wurde mit: AES Verschlüsselt
INFO    [03.05.2016 – 11:33:18] (crypt.SymmetrischVerschluesseln): AES Schlüssel wurde erstellt
INFO    [03.05.2016 – 11:33:18] (crypt.SymmetrischVerschluesseln): DES Schlüssel wurde erstellt
INFO    [03.05.2016 – 11:33:19] (crypt.AsymmetrischVerschluesseln): RSA Schlüsselpaar wurde erstellt
INFO    [03.05.2016 – 11:33:19] (util.File): Klartext.txt wurde gelesen
INFO    [03.05.2016 – 11:33:19] (util.File): usedKeys.txt wurde geschrieben
INFO    [03.05.2016 – 11:33:19] (util.File): usedKeys.txt wurde geschrieben
INFO    [03.05.2016 – 11:33:19] (Kryptomechanismen): Der Text wurde mit: AES Verschlüsselt
INFO    [03.05.2016 – 15:42:24] (crypt.SymmetrischVerschluesseln): AES Schlüssel wurde erstellt
INFO    [03.05.2016 – 15:42:24] (crypt.SymmetrischVerschluesseln): DES Schlüssel wurde erstellt
INFO    [03.05.2016 – 15:42:24] (crypt.AsymmetrischVerschluesseln): RSA Schlüsselpaar wurde erstellt
INFO    [03.05.2016 – 15:42:24] (util.File): Klartext.txt wurde gelesen
INFO    [03.05.2016 – 15:42:24] (util.File): usedKeys.txt wurde geschrieben
INFO    [03.05.2016 – 15:42:24] (util.File): usedKeys.txt wurde geschrieben
INFO    [03.05.2016 – 15:42:24] (Kryptomechanismen): Der Text wurde mit: AES Verschlüsselt
INFO    [03.05.2016 – 15:54:53] (crypt.SymmetrischVerschluesseln): AES Schlüssel wurde erstellt
INFO    [03.05.2016 – 15:54:53] (crypt.SymmetrischVerschluesseln): DES Schlüssel wurde erstellt
INFO    [03.05.2016 – 15:54:53] (crypt.AsymmetrischVerschluesseln): RSA Schlüsselpaar wurde erstellt
INFO    [03.05.2016 – 15:54:53] (util.File): Klartext.txt wurde gelesen
INFO    [03.05.2016 – 15:54:53] (crypt.SymmetrischVerschluesseln): AES Schlüssel wurde erstellt
INFO    [03.05.2016 – 15:54:53] (crypt.SymmetrischVerschluesseln): DES Schlüssel wurde erstellt
INFO    [03.05.2016 – 15:54:53] (crypt.AsymmetrischVerschluesseln): RSA Schlüsselpaar wurde erstellt
INFO    [03.05.2016 – 15:54:53] (util.File): Klartext.txt wurde gelesen
INFO    [03.05.2016 – 15:54:54] (util.File): usedKeys.txt wurde geschrieben
INFO    [03.05.2016 – 15:54:54] (util.File): usedKeys.txt wurde geschrieben
INFO    [03.05.2016 – 15:54:54] (Kryptomechanismen): Der Text wurde mit: AES Verschlüsselt
INFO    [03.05.2016 – 15:55:28] (crypt.SymmetrischVerschluesseln): AES Schlüssel wurde erstellt
INFO    [03.05.2016 – 15:55:28] (crypt.SymmetrischVerschluesseln): DES Schlüssel wurde erstellt
INFO    [03.05.2016 – 15:55:28] (crypt.AsymmetrischVerschluesseln): RSA Schlüsselpaar wurde erstellt
INFO    [03.05.2016 – 15:55:28] (util.File): Klartext.txt wurde gelesen
INFO    [03.05.2016 – 15:55:28] (crypt.SymmetrischVerschluesseln): AES Schlüssel wurde erstellt
INFO    [03.05.2016 – 15:55:28] (crypt.SymmetrischVerschluesseln): DES Schlüssel wurde erstellt
INFO    [03.05.2016 – 15:55:28] (crypt.AsymmetrischVerschluesseln): RSA Schlüsselpaar wurde erstellt
INFO    [03.05.2016 – 15:55:28] (util.File): Klartext.txt wurde gelesen
INFO    [03.05.2016 – 15:57:39] (crypt.SymmetrischVerschluesseln): AES Schlüssel wurde erstellt
INFO    [03.05.2016 – 15:57:39] (crypt.SymmetrischVerschluesseln): DES Schlüssel wurde erstellt
INFO    [03.05.2016 – 15:57:39] (crypt.AsymmetrischVerschluesseln): RSA Schlüsselpaar wurde erstellt
INFO    [03.05.2016 – 15:57:39] (util.File): Klartext.txt wurde gelesen
INFO    [03.05.2016 – 15:57:39] (crypt.SymmetrischVerschluesseln): AES Schlüssel wurde erstellt
INFO    [03.05.2016 – 15:57:39] (crypt.SymmetrischVerschluesseln): DES Schlüssel wurde erstellt
INFO    [03.05.2016 – 15:57:39] (crypt.AsymmetrischVerschluesseln): RSA Schlüsselpaar wurde erstellt
INFO    [03.05.2016 – 15:57:39] (util.File): Klartext.txt wurde gelesen
INFO    [03.05.2016 – 15:57:39] (controller.Controller): init
INFO    [03.05.2016 – 15:57:39] (controller.Controller): con
INFO    [03.05.2016 – 15:57:47] (controller.Controller$menuSymVerPress): press
INFO    [03.05.2016 – 15:59:24] (crypt.SymmetrischVerschluesseln): AES Schlüssel wurde erstellt
INFO    [03.05.2016 – 15:59:24] (crypt.SymmetrischVerschluesseln): DES Schlüssel wurde erstellt
INFO    [03.05.2016 – 15:59:24] (crypt.AsymmetrischVerschluesseln): RSA Schlüsselpaar wurde erstellt
INFO    [03.05.2016 – 15:59:24] (util.File): Klartext.txt wurde gelesen
INFO    [03.05.2016 – 15:59:24] (crypt.SymmetrischVerschluesseln): AES Schlüssel wurde erstellt
INFO    [03.05.2016 – 15:59:24] (crypt.SymmetrischVerschluesseln): DES Schlüssel wurde erstellt
INFO    [03.05.2016 – 15:59:24] (crypt.AsymmetrischVerschluesseln): RSA Schlüsselpaar wurde erstellt
INFO    [03.05.2016 – 15:59:24] (util.File): Klartext.txt wurde gelesen
INFO    [03.05.2016 – 15:59:24] (controller.Controller): init
INFO    [03.05.2016 – 15:59:24] (controller.Controller): con
INFO    [03.05.2016 – 15:59:29] (controller.Controller$menuSymVerPress): press
INFO    [03.05.2016 – 16:05:38] (crypt.SymmetrischVerschluesseln): AES Schlüssel wurde erstellt
INFO    [03.05.2016 – 16:05:38] (crypt.SymmetrischVerschluesseln): DES Schlüssel wurde erstellt
INFO    [03.05.2016 – 16:05:38] (crypt.AsymmetrischVerschluesseln): RSA Schlüsselpaar wurde erstellt
INFO    [03.05.2016 – 16:05:38] (util.File): Klartext.txt wurde gelesen
INFO    [03.05.2016 – 16:05:38] (crypt.SymmetrischVerschluesseln): AES Schlüssel wurde erstellt
INFO    [03.05.2016 – 16:05:38] (crypt.SymmetrischVerschluesseln): DES Schlüssel wurde erstellt
INFO    [03.05.2016 – 16:05:39] (crypt.AsymmetrischVerschluesseln): RSA Schlüsselpaar wurde erstellt
INFO    [03.05.2016 – 16:05:39] (util.File): Klartext.txt wurde gelesen
INFO    [03.05.2016 – 16:05:39] (controller.Controller): init
INFO    [03.05.2016 – 16:05:39] (controller.Controller): con
INFO    [03.05.2016 – 16:20:10] (crypt.SymmetrischVerschluesseln): AES Schlüssel wurde erstellt
INFO    [03.05.2016 – 16:20:10] (crypt.SymmetrischVerschluesseln): DES Schlüssel wurde erstellt
INFO    [03.05.2016 – 16:20:10] (crypt.AsymmetrischVerschluesseln): RSA Schlüsselpaar wurde erstellt
INFO    [03.05.2016 – 16:20:10] (util.File): Klartext.txt wurde gelesen
INFO    [03.05.2016 – 16:20:10] (crypt.SymmetrischVerschluesseln): AES Schlüssel wurde erstellt
INFO    [03.05.2016 – 16:20:10] (crypt.SymmetrischVerschluesseln): DES Schlüssel wurde erstellt
INFO    [03.05.2016 – 16:20:10] (crypt.AsymmetrischVerschluesseln): RSA Schlüsselpaar wurde erstellt
INFO    [03.05.2016 – 16:20:10] (util.File): Klartext.txt wurde gelesen
INFO    [03.05.2016 – 16:20:10] (controller.Controller): init
INFO    [03.05.2016 – 16:20:10] (controller.Controller): con
INFO    [03.05.2016 – 16:20:47] (crypt.SymmetrischVerschluesseln): AES Schlüssel wurde erstellt
INFO    [03.05.2016 – 16:20:47] (crypt.SymmetrischVerschluesseln): DES Schlüssel wurde erstellt
INFO    [03.05.2016 – 16:20:47] (crypt.AsymmetrischVerschluesseln): RSA Schlüsselpaar wurde erstellt
INFO    [03.05.2016 – 16:20:47] (util.File): Klartext.txt wurde gelesen
INFO    [03.05.2016 – 16:20:47] (crypt.SymmetrischVerschluesseln): AES Schlüssel wurde erstellt
INFO    [03.05.2016 – 16:20:47] (crypt.SymmetrischVerschluesseln): DES Schlüssel wurde erstellt
INFO    [03.05.2016 – 16:20:47] (crypt.AsymmetrischVerschluesseln): RSA Schlüsselpaar wurde erstellt
INFO    [03.05.2016 – 16:20:47] (util.File): Klartext.txt wurde gelesen
INFO    [03.05.2016 – 16:20:47] (controller.Controller): init
INFO    [03.05.2016 – 16:20:47] (controller.Controller): con
INFO    [03.05.2016 – 16:21:15] (crypt.SymmetrischVerschluesseln): AES Schlüssel wurde erstellt
INFO    [03.05.2016 – 16:21:15] (crypt.SymmetrischVerschluesseln): DES Schlüssel wurde erstellt
INFO    [03.05.2016 – 16:21:15] (crypt.AsymmetrischVerschluesseln): RSA Schlüsselpaar wurde erstellt
INFO    [03.05.2016 – 16:21:15] (util.File): Klartext.txt wurde gelesen
INFO    [03.05.2016 – 16:21:15] (crypt.SymmetrischVerschluesseln): AES Schlüssel wurde erstellt
INFO    [03.05.2016 – 16:21:15] (crypt.SymmetrischVerschluesseln): DES Schlüssel wurde erstellt
INFO    [03.05.2016 – 16:21:15] (crypt.AsymmetrischVerschluesseln): RSA Schlüsselpaar wurde erstellt
INFO    [03.05.2016 – 16:21:15] (util.File): Klartext.txt wurde gelesen
INFO    [03.05.2016 – 16:21:15] (controller.Controller): init
INFO    [03.05.2016 – 16:21:15] (controller.Controller): con
INFO    [03.05.2016 – 16:22:16] (crypt.SymmetrischVerschluesseln): AES Schlüssel wurde erstellt
INFO    [03.05.2016 – 16:22:16] (crypt.SymmetrischVerschluesseln): DES Schlüssel wurde erstellt
INFO    [03.05.2016 – 16:22:16] (crypt.AsymmetrischVerschluesseln): RSA Schlüsselpaar wurde erstellt
INFO    [03.05.2016 – 16:22:16] (util.File): Klartext.txt wurde gelesen
INFO    [03.05.2016 – 16:22:16] (crypt.SymmetrischVerschluesseln): AES Schlüssel wurde erstellt
INFO    [03.05.2016 – 16:22:16] (crypt.SymmetrischVerschluesseln): DES Schlüssel wurde erstellt
INFO    [03.05.2016 – 16:22:16] (crypt.AsymmetrischVerschluesseln): RSA Schlüsselpaar wurde erstellt
INFO    [03.05.2016 – 16:22:16] (util.File): Klartext.txt wurde gelesen
INFO    [03.05.2016 – 16:22:16] (controller.Controller): init
INFO    [03.05.2016 – 16:22:16] (controller.Controller): con
INFO    [03.05.2016 – 16:23:34] (crypt.SymmetrischVerschluesseln): AES Schlüssel wurde erstellt
INFO    [03.05.2016 – 16:23:34] (crypt.SymmetrischVerschluesseln): DES Schlüssel wurde erstellt
INFO    [03.05.2016 – 16:23:35] (crypt.AsymmetrischVerschluesseln): RSA Schlüsselpaar wurde erstellt
INFO    [03.05.2016 – 16:23:35] (util.File): Klartext.txt wurde gelesen
INFO    [03.05.2016 – 16:23:35] (crypt.SymmetrischVerschluesseln): AES Schlüssel wurde erstellt
INFO    [03.05.2016 – 16:23:35] (crypt.SymmetrischVerschluesseln): DES Schlüssel wurde erstellt
INFO    [03.05.2016 – 16:23:35] (crypt.AsymmetrischVerschluesseln): RSA Schlüsselpaar wurde erstellt
INFO    [03.05.2016 – 16:23:35] (util.File): Klartext.txt wurde gelesen
INFO    [03.05.2016 – 16:23:35] (controller.Controller): init
INFO    [03.05.2016 – 16:23:35] (controller.Controller): con
INFO    [03.05.2016 – 16:23:49] (crypt.SymmetrischVerschluesseln): AES Schlüssel wurde erstellt
INFO    [03.05.2016 – 16:23:49] (crypt.SymmetrischVerschluesseln): DES Schlüssel wurde erstellt
INFO    [03.05.2016 – 16:23:49] (crypt.AsymmetrischVerschluesseln): RSA Schlüsselpaar wurde erstellt
INFO    [03.05.2016 – 16:23:49] (util.File): Klartext.txt wurde gelesen
INFO    [03.05.2016 – 16:23:49] (crypt.SymmetrischVerschluesseln): AES Schlüssel wurde erstellt
INFO    [03.05.2016 – 16:23:49] (crypt.SymmetrischVerschluesseln): DES Schlüssel wurde erstellt
INFO    [03.05.2016 – 16:23:50] (crypt.AsymmetrischVerschluesseln): RSA Schlüsselpaar wurde erstellt
INFO    [03.05.2016 – 16:23:50] (util.File): Klartext.txt wurde gelesen
INFO    [03.05.2016 – 16:23:50] (controller.Controller): init
INFO    [03.05.2016 – 16:23:50] (controller.Controller): con
INFO    [03.05.2016 – 16:24:07] (crypt.SymmetrischVerschluesseln): AES Schlüssel wurde erstellt
INFO    [03.05.2016 – 16:24:07] (crypt.SymmetrischVerschluesseln): DES Schlüssel wurde erstellt
INFO    [03.05.2016 – 16:24:08] (crypt.AsymmetrischVerschluesseln): RSA Schlüsselpaar wurde erstellt
INFO    [03.05.2016 – 16:24:08] (util.File): Klartext.txt wurde gelesen
INFO    [03.05.2016 – 16:24:08] (crypt.SymmetrischVerschluesseln): AES Schlüssel wurde erstellt
INFO    [03.05.2016 – 16:24:08] (crypt.SymmetrischVerschluesseln): DES Schlüssel wurde erstellt
INFO    [03.05.2016 – 16:24:08] (crypt.AsymmetrischVerschluesseln): RSA Schlüsselpaar wurde erstellt
INFO    [03.05.2016 – 16:24:08] (util.File): Klartext.txt wurde gelesen
INFO    [03.05.2016 – 16:24:08] (controller.Controller): init
INFO    [03.05.2016 – 16:24:08] (controller.Controller): con
